 
****************************************
Report : area
Design : BOOTHMUL_NBIT32
Version: F-2011.09-SP3
Date   : Wed Apr  7 19:52:30 2021
****************************************

Library(s) Used:

    NangateOpenCellLibrary (File: /home/mariagrazia.graziano/do/libnangate/NangateOpenCellLibrary_typical_ecsm.db)

Number of ports:                          128
Number of nets:                          8180
Number of cells:                           66
Number of combinational cells:              3
Number of sequential cells:                 0
Number of macros:                           0
Number of buf/inv:                          3
Number of references:                      65

Combinational area:       24267.445753
Noncombinational area:       0.000000
Net Interconnect area:      undefined  (Wire load has zero net area)

Total cell area:          24267.445753
Total area:                 undefined
1
