Information: Updating design information... (UID-85)
 
****************************************
Report : timing
        -path full
        -delay max
        -max_paths 1
Design : BOOTHMUL_NBIT32
Version: F-2011.09-SP3
Date   : Wed Apr  7 19:45:23 2021
****************************************

Operating Conditions: typical   Library: NangateOpenCellLibrary
Wire Load Model Mode: top

  Startpoint: A_mp[0] (input port)
  Endpoint: Y_mp[63] (output port)
  Path Group: default
  Path Type: max

  Des/Clust/Port     Wire Load Model       Library
  ------------------------------------------------
  BOOTHMUL_NBIT32    5K_hvratio_1_1        NangateOpenCellLibrary

  Point                                                   Incr       Path
  --------------------------------------------------------------------------
  input external delay                                    0.00       0.00 f
  A_mp[0] (in)                                            0.00       0.00 f
  set0_0/A[0] (SETTLER_NBIT64_0)                          0.00       0.00 f
  set0_0/sub_add_18_b0/B[0] (SETTLER_NBIT64_0_DW01_sub_0)
                                                          0.00       0.00 f
  set0_0/sub_add_18_b0/U2/ZN (OR3_X2)                     0.09       0.09 f
  set0_0/sub_add_18_b0/U102/Z (XOR2_X1)                   0.07       0.17 f
  set0_0/sub_add_18_b0/DIFF[3] (SETTLER_NBIT64_0_DW01_sub_0)
                                                          0.00       0.17 f
  set0_0/Y2[3] (SETTLER_NBIT64_0)                         0.00       0.17 f
  mux0_0/A2[3] (MUX51_GENERIC_NBIT64_0)                   0.00       0.17 f
  mux0_0/mux100/A[3] (MUX21_GENERIC_NBIT64_63)            0.00       0.17 f
  mux0_0/mux100/MUX21GENI_3/A (MUX21_4029)                0.00       0.17 f
  mux0_0/mux100/MUX21GENI_3/UND1/A (ND2_12087)            0.00       0.17 f
  mux0_0/mux100/MUX21GENI_3/UND1/U1/ZN (NAND2_X1)         0.03       0.20 r
  mux0_0/mux100/MUX21GENI_3/UND1/Y (ND2_12087)            0.00       0.20 r
  mux0_0/mux100/MUX21GENI_3/UND3/A (ND2_12085)            0.00       0.20 r
  mux0_0/mux100/MUX21GENI_3/UND3/U1/ZN (NAND2_X1)         0.03       0.22 f
  mux0_0/mux100/MUX21GENI_3/UND3/Y (ND2_12085)            0.00       0.22 f
  mux0_0/mux100/MUX21GENI_3/Y (MUX21_4029)                0.00       0.22 f
  mux0_0/mux100/Y[3] (MUX21_GENERIC_NBIT64_63)            0.00       0.22 f
  mux0_0/mux010/B[3] (MUX21_GENERIC_NBIT64_62)            0.00       0.22 f
  mux0_0/mux010/MUX21GENI_3/B (MUX21_3965)                0.00       0.22 f
  mux0_0/mux010/MUX21GENI_3/UND2/A (ND2_11894)            0.00       0.22 f
  mux0_0/mux010/MUX21GENI_3/UND2/U1/ZN (NAND2_X1)         0.03       0.25 r
  mux0_0/mux010/MUX21GENI_3/UND2/Y (ND2_11894)            0.00       0.25 r
  mux0_0/mux010/MUX21GENI_3/UND3/B (ND2_11893)            0.00       0.25 r
  mux0_0/mux010/MUX21GENI_3/UND3/U1/ZN (NAND2_X1)         0.03       0.27 f
  mux0_0/mux010/MUX21GENI_3/UND3/Y (ND2_11893)            0.00       0.27 f
  mux0_0/mux010/MUX21GENI_3/Y (MUX21_3965)                0.00       0.27 f
  mux0_0/mux010/Y[3] (MUX21_GENERIC_NBIT64_62)            0.00       0.27 f
  mux0_0/mux001/A[3] (MUX21_GENERIC_NBIT64_61)            0.00       0.27 f
  mux0_0/mux001/MUX21GENI_3/A (MUX21_3901)                0.00       0.27 f
  mux0_0/mux001/MUX21GENI_3/UND1/A (ND2_11703)            0.00       0.27 f
  mux0_0/mux001/MUX21GENI_3/UND1/U1/ZN (NAND2_X1)         0.03       0.30 r
  mux0_0/mux001/MUX21GENI_3/UND1/Y (ND2_11703)            0.00       0.30 r
  mux0_0/mux001/MUX21GENI_3/UND3/A (ND2_11701)            0.00       0.30 r
  mux0_0/mux001/MUX21GENI_3/UND3/U1/ZN (NAND2_X1)         0.03       0.33 f
  mux0_0/mux001/MUX21GENI_3/UND3/Y (ND2_11701)            0.00       0.33 f
  mux0_0/mux001/MUX21GENI_3/Y (MUX21_3901)                0.00       0.33 f
  mux0_0/mux001/Y[3] (MUX21_GENERIC_NBIT64_61)            0.00       0.33 f
  mux0_0/Y[3] (MUX51_GENERIC_NBIT64_0)                    0.00       0.33 f
  rcai_1/b[3] (RCA_size64_0)                              0.00       0.33 f
  rcai_1/fa_i_3/b (FA_957)                                0.00       0.33 f
  rcai_1/fa_i_3/U4/Z (XOR2_X1)                            0.08       0.41 f
  rcai_1/fa_i_3/U2/ZN (AOI22_X1)                          0.06       0.47 r
  rcai_1/fa_i_3/U5/ZN (INV_X1)                            0.03       0.49 f
  rcai_1/fa_i_3/c_out (FA_957)                            0.00       0.49 f
  rcai_1/fa_i_4/c_in (FA_956)                             0.00       0.49 f
  rcai_1/fa_i_4/U1/ZN (AOI22_X1)                          0.06       0.55 r
  rcai_1/fa_i_4/U2/ZN (INV_X1)                            0.03       0.58 f
  rcai_1/fa_i_4/c_out (FA_956)                            0.00       0.58 f
  rcai_1/fa_i_5/c_in (FA_955)                             0.00       0.58 f
  rcai_1/fa_i_5/U2/ZN (INV_X1)                            0.03       0.60 r
  rcai_1/fa_i_5/U1/ZN (OAI21_X1)                          0.03       0.63 f
  rcai_1/fa_i_5/c_out (FA_955)                            0.00       0.63 f
  rcai_1/fa_i_6/c_in (FA_954)                             0.00       0.63 f
  rcai_1/fa_i_6/U4/ZN (INV_X1)                            0.04       0.67 r
  rcai_1/fa_i_6/U3/ZN (OAI21_X1)                          0.04       0.70 f
  rcai_1/fa_i_6/c_out (FA_954)                            0.00       0.70 f
  rcai_1/fa_i_7/c_in (FA_953)                             0.00       0.70 f
  rcai_1/fa_i_7/U2/ZN (XNOR2_X1)                          0.06       0.77 f
  rcai_1/fa_i_7/s (FA_953)                                0.00       0.77 f
  rcai_1/sum[7] (RCA_size64_0)                            0.00       0.77 f
  rcai_2/b[7] (RCA_size64_14)                             0.00       0.77 f
  rcai_2/fa_i_7/b (FA_889)                                0.00       0.77 f
  rcai_2/fa_i_7/U4/Z (XOR2_X1)                            0.08       0.84 f
  rcai_2/fa_i_7/U1/ZN (AOI22_X1)                          0.06       0.90 r
  rcai_2/fa_i_7/U2/ZN (INV_X1)                            0.03       0.93 f
  rcai_2/fa_i_7/c_out (FA_889)                            0.00       0.93 f
  rcai_2/fa_i_8/c_in (FA_888)                             0.00       0.93 f
  rcai_2/fa_i_8/U1/ZN (AOI22_X1)                          0.06       0.99 r
  rcai_2/fa_i_8/U2/ZN (INV_X1)                            0.03       1.02 f
  rcai_2/fa_i_8/c_out (FA_888)                            0.00       1.02 f
  rcai_2/fa_i_9/c_in (FA_887)                             0.00       1.02 f
  rcai_2/fa_i_9/U6/ZN (INV_X1)                            0.03       1.04 r
  rcai_2/fa_i_9/U2/ZN (OAI22_X1)                          0.04       1.08 f
  rcai_2/fa_i_9/c_out (FA_887)                            0.00       1.08 f
  rcai_2/fa_i_10/c_in (FA_886)                            0.00       1.08 f
  rcai_2/fa_i_10/U3/Z (XOR2_X1)                           0.08       1.16 f
  rcai_2/fa_i_10/s (FA_886)                               0.00       1.16 f
  rcai_2/sum[10] (RCA_size64_14)                          0.00       1.16 f
  rcai_3/b[10] (RCA_size64_13)                            0.00       1.16 f
  rcai_3/fa_i_10/b (FA_822)                               0.00       1.16 f
  rcai_3/fa_i_10/U2/ZN (XNOR2_X1)                         0.07       1.22 f
  rcai_3/fa_i_10/U4/ZN (AOI22_X1)                         0.06       1.29 r
  rcai_3/fa_i_10/U6/ZN (INV_X1)                           0.03       1.32 f
  rcai_3/fa_i_10/c_out (FA_822)                           0.00       1.32 f
  rcai_3/fa_i_11/c_in (FA_821)                            0.00       1.32 f
  rcai_3/fa_i_11/U5/ZN (INV_X1)                           0.03       1.34 r
  rcai_3/fa_i_11/U3/ZN (OAI22_X1)                         0.04       1.38 f
  rcai_3/fa_i_11/c_out (FA_821)                           0.00       1.38 f
  rcai_3/fa_i_12/c_in (FA_820)                            0.00       1.38 f
  rcai_3/fa_i_12/U3/Z (XOR2_X1)                           0.08       1.46 f
  rcai_3/fa_i_12/s (FA_820)                               0.00       1.46 f
  rcai_3/sum[12] (RCA_size64_13)                          0.00       1.46 f
  rcai_4/b[12] (RCA_size64_12)                            0.00       1.46 f
  rcai_4/fa_i_12/b (FA_756)                               0.00       1.46 f
  rcai_4/fa_i_12/U2/ZN (XNOR2_X1)                         0.07       1.52 f
  rcai_4/fa_i_12/U6/ZN (AOI22_X1)                         0.06       1.59 r
  rcai_4/fa_i_12/U5/ZN (INV_X1)                           0.03       1.61 f
  rcai_4/fa_i_12/c_out (FA_756)                           0.00       1.61 f
  rcai_4/fa_i_13/c_in (FA_755)                            0.00       1.61 f
  rcai_4/fa_i_13/U5/ZN (AOI22_X1)                         0.06       1.67 r
  rcai_4/fa_i_13/U6/ZN (INV_X1)                           0.03       1.70 f
  rcai_4/fa_i_13/c_out (FA_755)                           0.00       1.70 f
  rcai_4/fa_i_14/c_in (FA_754)                            0.00       1.70 f
  rcai_4/fa_i_14/U6/ZN (AOI22_X1)                         0.06       1.76 r
  rcai_4/fa_i_14/U5/ZN (INV_X1)                           0.03       1.78 f
  rcai_4/fa_i_14/c_out (FA_754)                           0.00       1.78 f
  rcai_4/fa_i_15/c_in (FA_753)                            0.00       1.78 f
  rcai_4/fa_i_15/U5/ZN (AOI22_X1)                         0.06       1.84 r
  rcai_4/fa_i_15/U6/ZN (INV_X1)                           0.03       1.87 f
  rcai_4/fa_i_15/c_out (FA_753)                           0.00       1.87 f
  rcai_4/fa_i_16/c_in (FA_752)                            0.00       1.87 f
  rcai_4/fa_i_16/U3/Z (XOR2_X1)                           0.07       1.94 f
  rcai_4/fa_i_16/s (FA_752)                               0.00       1.94 f
  rcai_4/sum[16] (RCA_size64_12)                          0.00       1.94 f
  rcai_5/b[16] (RCA_size64_11)                            0.00       1.94 f
  rcai_5/fa_i_16/b (FA_688)                               0.00       1.94 f
  rcai_5/fa_i_16/U4/ZN (XNOR2_X1)                         0.06       2.01 f
  rcai_5/fa_i_16/U3/Z (XOR2_X1)                           0.08       2.09 f
  rcai_5/fa_i_16/s (FA_688)                               0.00       2.09 f
  rcai_5/sum[16] (RCA_size64_11)                          0.00       2.09 f
  rcai_6/b[16] (RCA_size64_10)                            0.00       2.09 f
  rcai_6/fa_i_16/b (FA_624)                               0.00       2.09 f
  rcai_6/fa_i_16/U4/Z (XOR2_X1)                           0.08       2.16 f
  rcai_6/fa_i_16/U2/ZN (AOI22_X1)                         0.06       2.22 r
  rcai_6/fa_i_16/U5/ZN (INV_X1)                           0.03       2.25 f
  rcai_6/fa_i_16/c_out (FA_624)                           0.00       2.25 f
  rcai_6/fa_i_17/c_in (FA_623)                            0.00       2.25 f
  rcai_6/fa_i_17/U6/ZN (AOI22_X1)                         0.06       2.31 r
  rcai_6/fa_i_17/U5/ZN (INV_X1)                           0.03       2.33 f
  rcai_6/fa_i_17/c_out (FA_623)                           0.00       2.33 f
  rcai_6/fa_i_18/c_in (FA_622)                            0.00       2.33 f
  rcai_6/fa_i_18/U6/ZN (AOI22_X1)                         0.06       2.39 r
  rcai_6/fa_i_18/U5/ZN (INV_X1)                           0.03       2.42 f
  rcai_6/fa_i_18/c_out (FA_622)                           0.00       2.42 f
  rcai_6/fa_i_19/c_in (FA_621)                            0.00       2.42 f
  rcai_6/fa_i_19/U5/ZN (AOI22_X1)                         0.06       2.48 r
  rcai_6/fa_i_19/U6/ZN (INV_X1)                           0.03       2.50 f
  rcai_6/fa_i_19/c_out (FA_621)                           0.00       2.50 f
  rcai_6/fa_i_20/c_in (FA_620)                            0.00       2.50 f
  rcai_6/fa_i_20/U6/ZN (AOI22_X1)                         0.06       2.56 r
  rcai_6/fa_i_20/U5/ZN (INV_X1)                           0.03       2.59 f
  rcai_6/fa_i_20/c_out (FA_620)                           0.00       2.59 f
  rcai_6/fa_i_21/c_in (FA_619)                            0.00       2.59 f
  rcai_6/fa_i_21/U7/ZN (INV_X1)                           0.03       2.62 r
  rcai_6/fa_i_21/U5/ZN (OAI22_X1)                         0.04       2.65 f
  rcai_6/fa_i_21/c_out (FA_619)                           0.00       2.65 f
  rcai_6/fa_i_22/c_in (FA_618)                            0.00       2.65 f
  rcai_6/fa_i_22/U6/ZN (AOI22_X1)                         0.06       2.71 r
  rcai_6/fa_i_22/U5/ZN (INV_X1)                           0.03       2.74 f
  rcai_6/fa_i_22/c_out (FA_618)                           0.00       2.74 f
  rcai_6/fa_i_23/c_in (FA_617)                            0.00       2.74 f
  rcai_6/fa_i_23/U5/ZN (INV_X1)                           0.03       2.77 r
  rcai_6/fa_i_23/U2/ZN (OAI22_X1)                         0.04       2.81 f
  rcai_6/fa_i_23/c_out (FA_617)                           0.00       2.81 f
  rcai_6/fa_i_24/c_in (FA_616)                            0.00       2.81 f
  rcai_6/fa_i_24/U1/ZN (AOI22_X1)                         0.06       2.87 r
  rcai_6/fa_i_24/U2/ZN (INV_X1)                           0.03       2.89 f
  rcai_6/fa_i_24/c_out (FA_616)                           0.00       2.89 f
  rcai_6/fa_i_25/c_in (FA_615)                            0.00       2.89 f
  rcai_6/fa_i_25/U6/ZN (AOI22_X1)                         0.06       2.95 r
  rcai_6/fa_i_25/U5/ZN (INV_X1)                           0.03       2.98 f
  rcai_6/fa_i_25/c_out (FA_615)                           0.00       2.98 f
  rcai_6/fa_i_26/c_in (FA_614)                            0.00       2.98 f
  rcai_6/fa_i_26/U6/ZN (AOI22_X1)                         0.06       3.03 r
  rcai_6/fa_i_26/U5/ZN (INV_X1)                           0.03       3.06 f
  rcai_6/fa_i_26/c_out (FA_614)                           0.00       3.06 f
  rcai_6/fa_i_27/c_in (FA_613)                            0.00       3.06 f
  rcai_6/fa_i_27/U4/ZN (AOI22_X1)                         0.06       3.12 r
  rcai_6/fa_i_27/U5/ZN (INV_X1)                           0.03       3.15 f
  rcai_6/fa_i_27/c_out (FA_613)                           0.00       3.15 f
  rcai_6/fa_i_28/c_in (FA_612)                            0.00       3.15 f
  rcai_6/fa_i_28/U1/ZN (AOI22_X1)                         0.06       3.20 r
  rcai_6/fa_i_28/U2/ZN (INV_X1)                           0.03       3.23 f
  rcai_6/fa_i_28/c_out (FA_612)                           0.00       3.23 f
  rcai_6/fa_i_29/c_in (FA_611)                            0.00       3.23 f
  rcai_6/fa_i_29/U6/ZN (AOI22_X1)                         0.06       3.29 r
  rcai_6/fa_i_29/U5/ZN (INV_X1)                           0.03       3.32 f
  rcai_6/fa_i_29/c_out (FA_611)                           0.00       3.32 f
  rcai_6/fa_i_30/c_in (FA_610)                            0.00       3.32 f
  rcai_6/fa_i_30/U3/Z (XOR2_X1)                           0.07       3.39 f
  rcai_6/fa_i_30/s (FA_610)                               0.00       3.39 f
  rcai_6/sum[30] (RCA_size64_10)                          0.00       3.39 f
  rcai_7/b[30] (RCA_size64_9)                             0.00       3.39 f
  rcai_7/fa_i_30/b (FA_546)                               0.00       3.39 f
  rcai_7/fa_i_30/U8/ZN (XNOR2_X1)                         0.06       3.45 r
  rcai_7/fa_i_30/U6/ZN (INV_X1)                           0.02       3.48 f
  rcai_7/fa_i_30/U2/ZN (OAI22_X1)                         0.07       3.54 r
  rcai_7/fa_i_30/c_out (FA_546)                           0.00       3.54 r
  rcai_7/fa_i_31/c_in (FA_545)                            0.00       3.54 r
  rcai_7/fa_i_31/U5/ZN (INV_X1)                           0.03       3.57 f
  rcai_7/fa_i_31/U3/ZN (OAI22_X1)                         0.07       3.63 r
  rcai_7/fa_i_31/c_out (FA_545)                           0.00       3.63 r
  rcai_7/fa_i_32/c_in (FA_544)                            0.00       3.63 r
  rcai_7/fa_i_32/U3/Z (XOR2_X1)                           0.08       3.71 r
  rcai_7/fa_i_32/s (FA_544)                               0.00       3.71 r
  rcai_7/sum[32] (RCA_size64_9)                           0.00       3.71 r
  rcai_8/b[32] (RCA_size64_8)                             0.00       3.71 r
  rcai_8/fa_i_32/b (FA_480)                               0.00       3.71 r
  rcai_8/fa_i_32/U8/ZN (XNOR2_X1)                         0.07       3.78 r
  rcai_8/fa_i_32/U5/ZN (INV_X1)                           0.02       3.81 f
  rcai_8/fa_i_32/U1/ZN (OAI22_X1)                         0.06       3.87 r
  rcai_8/fa_i_32/c_out (FA_480)                           0.00       3.87 r
  rcai_8/fa_i_33/c_in (FA_479)                            0.00       3.87 r
  rcai_8/fa_i_33/U6/ZN (AOI22_X1)                         0.04       3.92 f
  rcai_8/fa_i_33/U5/ZN (INV_X1)                           0.04       3.95 r
  rcai_8/fa_i_33/c_out (FA_479)                           0.00       3.95 r
  rcai_8/fa_i_34/c_in (FA_478)                            0.00       3.95 r
  rcai_8/fa_i_34/U3/Z (XOR2_X1)                           0.08       4.03 r
  rcai_8/fa_i_34/s (FA_478)                               0.00       4.03 r
  rcai_8/sum[34] (RCA_size64_8)                           0.00       4.03 r
  rcai_9/b[34] (RCA_size64_7)                             0.00       4.03 r
  rcai_9/fa_i_34/b (FA_414)                               0.00       4.03 r
  rcai_9/fa_i_34/U4/ZN (XNOR2_X1)                         0.07       4.10 r
  rcai_9/fa_i_34/U5/ZN (AOI22_X1)                         0.04       4.14 f
  rcai_9/fa_i_34/U6/ZN (INV_X1)                           0.04       4.17 r
  rcai_9/fa_i_34/c_out (FA_414)                           0.00       4.17 r
  rcai_9/fa_i_35/c_in (FA_413)                            0.00       4.17 r
  rcai_9/fa_i_35/U3/Z (XOR2_X1)                           0.08       4.25 r
  rcai_9/fa_i_35/s (FA_413)                               0.00       4.25 r
  rcai_9/sum[35] (RCA_size64_7)                           0.00       4.25 r
  rcai_10/b[35] (RCA_size64_6)                            0.00       4.25 r
  rcai_10/fa_i_35/b (FA_349)                              0.00       4.25 r
  rcai_10/fa_i_35/U4/ZN (XNOR2_X1)                        0.07       4.32 r
  rcai_10/fa_i_35/U5/ZN (AOI22_X1)                        0.04       4.36 f
  rcai_10/fa_i_35/U6/ZN (INV_X1)                          0.04       4.40 r
  rcai_10/fa_i_35/c_out (FA_349)                          0.00       4.40 r
  rcai_10/fa_i_36/c_in (FA_348)                           0.00       4.40 r
  rcai_10/fa_i_36/U6/ZN (INV_X1)                          0.03       4.42 f
  rcai_10/fa_i_36/U1/ZN (OAI22_X2)                        0.06       4.48 r
  rcai_10/fa_i_36/c_out (FA_348)                          0.00       4.48 r
  rcai_10/fa_i_37/c_in (FA_347)                           0.00       4.48 r
  rcai_10/fa_i_37/U5/ZN (INV_X1)                          0.02       4.51 f
  rcai_10/fa_i_37/U2/ZN (OAI22_X1)                        0.07       4.58 r
  rcai_10/fa_i_37/c_out (FA_347)                          0.00       4.58 r
  rcai_10/fa_i_38/c_in (FA_346)                           0.00       4.58 r
  rcai_10/fa_i_38/U5/ZN (INV_X1)                          0.03       4.60 f
  rcai_10/fa_i_38/U2/ZN (OAI22_X1)                        0.07       4.67 r
  rcai_10/fa_i_38/c_out (FA_346)                          0.00       4.67 r
  rcai_10/fa_i_39/c_in (FA_345)                           0.00       4.67 r
  rcai_10/fa_i_39/U3/Z (XOR2_X1)                          0.08       4.75 r
  rcai_10/fa_i_39/s (FA_345)                              0.00       4.75 r
  rcai_10/sum[39] (RCA_size64_6)                          0.00       4.75 r
  rcai_11/b[39] (RCA_size64_5)                            0.00       4.75 r
  rcai_11/fa_i_39/b (FA_281)                              0.00       4.75 r
  rcai_11/fa_i_39/U4/ZN (XNOR2_X1)                        0.04       4.79 f
  rcai_11/fa_i_39/U6/ZN (AOI22_X1)                        0.06       4.86 r
  rcai_11/fa_i_39/U5/ZN (INV_X1)                          0.03       4.89 f
  rcai_11/fa_i_39/c_out (FA_281)                          0.00       4.89 f
  rcai_11/fa_i_40/c_in (FA_280)                           0.00       4.89 f
  rcai_11/fa_i_40/U5/ZN (AOI22_X1)                        0.06       4.94 r
  rcai_11/fa_i_40/U2/ZN (INV_X1)                          0.03       4.97 f
  rcai_11/fa_i_40/c_out (FA_280)                          0.00       4.97 f
  rcai_11/fa_i_41/c_in (FA_279)                           0.00       4.97 f
  rcai_11/fa_i_41/U3/Z (XOR2_X1)                          0.07       5.04 f
  rcai_11/fa_i_41/s (FA_279)                              0.00       5.04 f
  rcai_11/sum[41] (RCA_size64_5)                          0.00       5.04 f
  rcai_12/b[41] (RCA_size64_4)                            0.00       5.04 f
  rcai_12/fa_i_41/b (FA_215)                              0.00       5.04 f
  rcai_12/fa_i_41/U4/Z (XOR2_X1)                          0.08       5.12 f
  rcai_12/fa_i_41/U2/ZN (AOI22_X1)                        0.06       5.18 r
  rcai_12/fa_i_41/U5/ZN (INV_X1)                          0.03       5.21 f
  rcai_12/fa_i_41/c_out (FA_215)                          0.00       5.21 f
  rcai_12/fa_i_42/c_in (FA_214)                           0.00       5.21 f
  rcai_12/fa_i_42/U5/ZN (AOI22_X1)                        0.06       5.27 r
  rcai_12/fa_i_42/U2/ZN (INV_X1)                          0.03       5.30 f
  rcai_12/fa_i_42/c_out (FA_214)                          0.00       5.30 f
  rcai_12/fa_i_43/c_in (FA_213)                           0.00       5.30 f
  rcai_12/fa_i_43/U4/ZN (AOI22_X1)                        0.06       5.36 r
  rcai_12/fa_i_43/U5/ZN (INV_X1)                          0.03       5.39 f
  rcai_12/fa_i_43/c_out (FA_213)                          0.00       5.39 f
  rcai_12/fa_i_44/c_in (FA_212)                           0.00       5.39 f
  rcai_12/fa_i_44/U5/ZN (INV_X1)                          0.03       5.41 r
  rcai_12/fa_i_44/U2/ZN (OAI22_X1)                        0.04       5.45 f
  rcai_12/fa_i_44/c_out (FA_212)                          0.00       5.45 f
  rcai_12/fa_i_45/c_in (FA_211)                           0.00       5.45 f
  rcai_12/fa_i_45/U5/ZN (INV_X1)                          0.03       5.48 r
  rcai_12/fa_i_45/U1/ZN (OAI22_X1)                        0.04       5.52 f
  rcai_12/fa_i_45/c_out (FA_211)                          0.00       5.52 f
  rcai_12/fa_i_46/c_in (FA_210)                           0.00       5.52 f
  rcai_12/fa_i_46/U5/ZN (AOI22_X1)                        0.06       5.58 r
  rcai_12/fa_i_46/U6/ZN (INV_X1)                          0.03       5.61 f
  rcai_12/fa_i_46/c_out (FA_210)                          0.00       5.61 f
  rcai_12/fa_i_47/c_in (FA_209)                           0.00       5.61 f
  rcai_12/fa_i_47/U6/ZN (AOI22_X1)                        0.06       5.66 r
  rcai_12/fa_i_47/U5/ZN (INV_X1)                          0.03       5.69 f
  rcai_12/fa_i_47/c_out (FA_209)                          0.00       5.69 f
  rcai_12/fa_i_48/c_in (FA_208)                           0.00       5.69 f
  rcai_12/fa_i_48/U2/ZN (AOI22_X1)                        0.06       5.75 r
  rcai_12/fa_i_48/U5/ZN (INV_X1)                          0.03       5.78 f
  rcai_12/fa_i_48/c_out (FA_208)                          0.00       5.78 f
  rcai_12/fa_i_49/c_in (FA_207)                           0.00       5.78 f
  rcai_12/fa_i_49/U2/ZN (AOI22_X1)                        0.06       5.83 r
  rcai_12/fa_i_49/U5/ZN (INV_X1)                          0.03       5.86 f
  rcai_12/fa_i_49/c_out (FA_207)                          0.00       5.86 f
  rcai_12/fa_i_50/c_in (FA_206)                           0.00       5.86 f
  rcai_12/fa_i_50/U5/ZN (INV_X1)                          0.03       5.89 r
  rcai_12/fa_i_50/U2/ZN (OAI22_X1)                        0.04       5.93 f
  rcai_12/fa_i_50/c_out (FA_206)                          0.00       5.93 f
  rcai_12/fa_i_51/c_in (FA_205)                           0.00       5.93 f
  rcai_12/fa_i_51/U4/ZN (AOI22_X1)                        0.06       5.98 r
  rcai_12/fa_i_51/U5/ZN (INV_X1)                          0.03       6.01 f
  rcai_12/fa_i_51/c_out (FA_205)                          0.00       6.01 f
  rcai_12/fa_i_52/c_in (FA_204)                           0.00       6.01 f
  rcai_12/fa_i_52/U3/Z (XOR2_X1)                          0.07       6.09 f
  rcai_12/fa_i_52/s (FA_204)                              0.00       6.09 f
  rcai_12/sum[52] (RCA_size64_4)                          0.00       6.09 f
  rcai_13/b[52] (RCA_size64_3)                            0.00       6.09 f
  rcai_13/fa_i_52/b (FA_140)                              0.00       6.09 f
  rcai_13/fa_i_52/U4/Z (XOR2_X1)                          0.08       6.16 f
  rcai_13/fa_i_52/U1/ZN (AOI22_X1)                        0.06       6.23 r
  rcai_13/fa_i_52/U2/ZN (INV_X1)                          0.03       6.25 f
  rcai_13/fa_i_52/c_out (FA_140)                          0.00       6.25 f
  rcai_13/fa_i_53/c_in (FA_139)                           0.00       6.25 f
  rcai_13/fa_i_53/U6/ZN (INV_X1)                          0.03       6.28 r
  rcai_13/fa_i_53/U3/ZN (OAI22_X1)                        0.04       6.32 f
  rcai_13/fa_i_53/c_out (FA_139)                          0.00       6.32 f
  rcai_13/fa_i_54/c_in (FA_138)                           0.00       6.32 f
  rcai_13/fa_i_54/U4/ZN (AOI22_X1)                        0.06       6.38 r
  rcai_13/fa_i_54/U5/ZN (INV_X1)                          0.03       6.41 f
  rcai_13/fa_i_54/c_out (FA_138)                          0.00       6.41 f
  rcai_13/fa_i_55/c_in (FA_137)                           0.00       6.41 f
  rcai_13/fa_i_55/U2/ZN (AOI22_X1)                        0.06       6.46 r
  rcai_13/fa_i_55/U4/ZN (INV_X1)                          0.03       6.49 f
  rcai_13/fa_i_55/c_out (FA_137)                          0.00       6.49 f
  rcai_13/fa_i_56/c_in (FA_136)                           0.00       6.49 f
  rcai_13/fa_i_56/U4/ZN (INV_X1)                          0.03       6.52 r
  rcai_13/fa_i_56/U1/ZN (OAI22_X1)                        0.04       6.56 f
  rcai_13/fa_i_56/c_out (FA_136)                          0.00       6.56 f
  rcai_13/fa_i_57/c_in (FA_135)                           0.00       6.56 f
  rcai_13/fa_i_57/U4/ZN (AOI22_X1)                        0.06       6.61 r
  rcai_13/fa_i_57/U5/ZN (INV_X1)                          0.03       6.64 f
  rcai_13/fa_i_57/c_out (FA_135)                          0.00       6.64 f
  rcai_13/fa_i_58/c_in (FA_134)                           0.00       6.64 f
  rcai_13/fa_i_58/U2/ZN (AOI22_X1)                        0.06       6.70 r
  rcai_13/fa_i_58/U4/ZN (INV_X1)                          0.03       6.73 f
  rcai_13/fa_i_58/c_out (FA_134)                          0.00       6.73 f
  rcai_13/fa_i_59/c_in (FA_133)                           0.00       6.73 f
  rcai_13/fa_i_59/U2/ZN (AOI22_X1)                        0.06       6.78 r
  rcai_13/fa_i_59/U6/ZN (INV_X1)                          0.03       6.81 f
  rcai_13/fa_i_59/c_out (FA_133)                          0.00       6.81 f
  rcai_13/fa_i_60/c_in (FA_132)                           0.00       6.81 f
  rcai_13/fa_i_60/U5/ZN (AOI22_X1)                        0.06       6.87 r
  rcai_13/fa_i_60/U6/ZN (INV_X1)                          0.03       6.90 f
  rcai_13/fa_i_60/c_out (FA_132)                          0.00       6.90 f
  rcai_13/fa_i_61/c_in (FA_131)                           0.00       6.90 f
  rcai_13/fa_i_61/U3/Z (XOR2_X1)                          0.07       6.97 f
  rcai_13/fa_i_61/s (FA_131)                              0.00       6.97 f
  rcai_13/sum[61] (RCA_size64_3)                          0.00       6.97 f
  rcai_14/b[61] (RCA_size64_2)                            0.00       6.97 f
  rcai_14/fa_i_61/b (FA_67)                               0.00       6.97 f
  rcai_14/fa_i_61/U5/ZN (XNOR2_X1)                        0.06       7.03 f
  rcai_14/fa_i_61/U4/ZN (AOI22_X1)                        0.06       7.09 r
  rcai_14/fa_i_61/U6/ZN (INV_X1)                          0.03       7.12 f
  rcai_14/fa_i_61/c_out (FA_67)                           0.00       7.12 f
  rcai_14/fa_i_62/c_in (FA_66)                            0.00       7.12 f
  rcai_14/fa_i_62/U2/ZN (AOI22_X1)                        0.06       7.18 r
  rcai_14/fa_i_62/U6/ZN (INV_X1)                          0.03       7.21 f
  rcai_14/fa_i_62/c_out (FA_66)                           0.00       7.21 f
  rcai_14/fa_i_63/c_in (FA_65)                            0.00       7.21 f
  rcai_14/fa_i_63/U3/Z (XOR2_X1)                          0.08       7.29 f
  rcai_14/fa_i_63/s (FA_65)                               0.00       7.29 f
  rcai_14/sum[63] (RCA_size64_2)                          0.00       7.29 f
  rcai_15/b[63] (RCA_size64_1)                            0.00       7.29 f
  rcai_15/fa_i_63/b (FA_1)                                0.00       7.29 f
  rcai_15/fa_i_63/U5/ZN (XNOR2_X1)                        0.06       7.35 f
  rcai_15/fa_i_63/U3/ZN (XNOR2_X1)                        0.06       7.41 f
  rcai_15/fa_i_63/s (FA_1)                                0.00       7.41 f
  rcai_15/sum[63] (RCA_size64_1)                          0.00       7.41 f
  Y_mp[63] (out)                                          0.00       7.41 f
  data arrival time                                                  7.41

  max_delay                                               6.80       6.80
  output external delay                                   0.00       6.80
  data required time                                                 6.80
  --------------------------------------------------------------------------
  data required time                                                 6.80
  data arrival time                                                 -7.41
  --------------------------------------------------------------------------
  slack (VIOLATED)                                                  -0.61


1
