 
****************************************
Report : area
Design : BOOTHMUL_NBIT32
Version: F-2011.09-SP3
Date   : Wed Apr  7 19:13:30 2021
****************************************

Library(s) Used:

    NangateOpenCellLibrary (File: /home/mariagrazia.graziano/do/libnangate/NangateOpenCellLibrary_typical_ecsm.db)

Number of ports:                          128
Number of nets:                          8177
Number of cells:                           63
Number of combinational cells:              0
Number of sequential cells:                 0
Number of macros:                           0
Number of buf/inv:                          0
Number of references:                      63

Combinational area:       23620.799765
Noncombinational area:       0.000000
Net Interconnect area:      undefined  (Wire load has zero net area)

Total cell area:          23620.799765
Total area:                 undefined
1
