 
****************************************
Report : power
        -cell
        -analysis_effort low
        -sort_mode cell_internal_power
Design : SIPISOALU
Version: F-2011.09-SP3
Date   : Tue Apr 27 22:13:12 2021
****************************************


Library(s) Used:

    NangateOpenCellLibrary (File: /home/mariagrazia.graziano/do/libnangate/NangateOpenCellLibrary_typical_ecsm.db)


Operating Conditions: typical   Library: NangateOpenCellLibrary
Wire Load Model Mode: top

Design        Wire Load Model            Library
------------------------------------------------
SIPISOALU              5K_hvratio_1_1    NangateOpenCellLibrary


Global Operating Voltage = 1.1  
Power-specific unit information :
    Voltage Units = 1V
    Capacitance Units = 1.000000ff
    Time Units = 1ns
    Dynamic Power Units = 1uW    (derived from V,C,T units)
    Leakage Power Units = 1nW



  Attributes
  ----------
      h  -  Hierarchical cell

                        Cell      Driven Net  Tot Dynamic      Cell
                        Internal  Switching   Power            Leakage
Cell                    Power     Power       (% Cell/Tot)     Power      Attrs
--------------------------------------------------------------------------------
control                  195.5638       N/A        N/A (N/A)   2623.5586  h
PISO_reg[1]               26.7921    0.0684     26.861 (100%)    79.5531   
PISO_reg[2]               26.7528    0.0665     26.819 (100%)    79.4945   
PISO_reg[0]               26.5080    0.0565     26.564 (100%)    79.9447   
PISO_reg[3]               26.3563    0.0507     26.407 (100%)   115.4431   
SIPO_reg[2]               25.2994    0.4372     25.737 (98%)     81.6658   
PIPO_reg[2]               25.2437    0.3883     25.632 (98%)     81.8815   
PIPO_reg[1]               25.1987    0.8681     26.067 (97%)     81.8907   
PIPO_reg[0]               25.1157    1.0213     26.137 (96%)     81.8916   
SIPO_reg[1]               25.1097    0.4702     25.580 (98%)     81.9377   
PIPO_reg[3]               25.0540    0.4348     25.489 (98%)     81.9267   
SIPO_reg[0]               25.0540    1.4519     26.506 (95%)     82.1318   
U206                       1.1281    0.3394      1.467 (77%)     26.8656   
U151                       1.0929    0.3595      1.452 (75%)     24.3112   
U156                       0.6139    0.2946      0.908 (68%)     18.9076   
U150                       0.5578    0.2546      0.812 (69%)     22.1926   
U221                       0.5353    0.2852      0.821 (65%)     35.1742   
U169                       0.5347    0.2546      0.789 (68%)     26.4150   
U182                       0.4767    0.1317      0.608 (78%)     33.2120   
U189                       0.4555    0.3588      0.814 (56%)     47.8494   
U190                       0.4346    0.1188      0.553 (79%)     33.0912   
U192                       0.4308    0.1178      0.549 (79%)     33.0941   
U176                       0.4162    0.2412      0.657 (63%)     24.5107   
U186                       0.4148    0.1132      0.528 (79%)     33.0949   
U187                       0.4132    0.1150      0.528 (78%)     29.7227   
U180                       0.4047    0.1104      0.515 (79%)     33.1003   
U166                       0.3930    0.4779      0.871 (45%)     37.6519   
U219                       0.3838    0.4761      0.860 (45%)     48.2268   
U191                       0.3682    5.6144      5.983 (6%)      14.3532   
U209                       0.3600    0.4536      0.814 (44%)     14.3532   
U160                       0.3518    0.2831      0.635 (55%)     10.4489   
U183                       0.3497    0.0973      0.447 (78%)     29.5593   
U167                       0.3329    0.2447      0.578 (58%)     17.4419   
U175                       0.3250    0.2568      0.582 (56%)     41.5415   
U164                       0.2850    0.9531      1.238 (23%)     32.3751   
U177                       0.2828    0.1603      0.443 (64%)     24.2540   
U163                       0.2569    0.1522      0.409 (63%)     34.5032   
U149                       0.2478    0.2328      0.481 (52%)     25.4735   
U162                       0.2075    0.1191      0.327 (64%)      8.2234   
U220                       0.1964    0.2387      0.435 (45%)     11.5058   
U161                       0.1949    0.2282      0.423 (46%)     17.2006   
U168                       0.1483    0.1373      0.286 (52%)     47.5204   
U170                       0.1478    0.0907      0.238 (62%)     41.1531   
U179                       0.1345    0.0807      0.215 (62%)      8.1605   
U210                       0.1325    0.1140      0.246 (54%)     22.5722   
U172                       0.1323    0.1124      0.245 (54%)     14.8520   
U155                       0.1163    0.1677      0.284 (41%)     35.7894   
U171                       0.1147    0.0547      0.169 (68%)     23.8326   
U208                       0.0943    0.0328      0.127 (74%)     34.7893   
U148                       0.0920    0.0274      0.119 (77%)     18.2749   
U147                       0.0852    0.0395      0.125 (68%)     24.5903   
U173                       0.0834    0.0618      0.145 (57%)     29.2111   
U159                       0.0786    0.1434      0.222 (35%)     12.7474   
U215                       0.0768    0.0630      0.140 (55%)     10.5314   
U224                       0.0765    0.0194   9.58e-02 (80%)     54.6066   
U184                       0.0761    0.0391      0.115 (66%)     54.8066   
U153                       0.0710    0.0851      0.156 (45%)     12.7239   
U174                       0.0689    0.0409      0.110 (63%)     12.7239   
U207                       0.0567    0.0452      0.102 (56%)     11.0149   
U152                       0.0499    0.0248   7.47e-02 (67%)     21.9980   
U165                       0.0479    0.0240   7.20e-02 (67%)      6.7301   
U193                       0.0474    0.0254   7.28e-02 (65%)     55.6644   
U178                       0.0469    0.0306   7.75e-02 (60%)     11.9916   
U157                       0.0434    0.0367   8.01e-02 (54%)      6.0368   
U181                       0.0420    0.0363   7.82e-02 (54%)     27.0003   
U158                       0.0367    0.2247      0.261 (14%)     10.1461   
U195                       0.0353    0.0221   5.74e-02 (62%)      4.4026   
U154                       0.0338    0.1591      0.193 (18%)     10.2105   
U188                       0.0323    0.0333   6.56e-02 (49%)     18.7456   
U185                       0.0246    0.0161   4.07e-02 (60%)     19.4982   
U194                       0.0000    0.0000      0.000 (N/A)      3.9995   
U204                       0.0000    0.0000      0.000 (N/A)      4.3073   
--------------------------------------------------------------------------------
Totals (72 cells)        492.719uW     N/A         N/A (N/A)      5.011uW
1
