Information: Propagating switching activity (low effort zero delay simulation). (PWR-6)
Warning: Design has unannotated primary inputs. (PWR-414)
Warning: Design has unannotated sequential cell outputs. (PWR-415)
 
****************************************
Report : power
        -analysis_effort low
Design : SIPISOALU
Version: F-2011.09-SP3
Date   : Tue Apr 27 22:13:12 2021
****************************************


Library(s) Used:

    NangateOpenCellLibrary (File: /home/mariagrazia.graziano/do/libnangate/NangateOpenCellLibrary_typical_ecsm.db)


Operating Conditions: typical   Library: NangateOpenCellLibrary
Wire Load Model Mode: top

Design        Wire Load Model            Library
------------------------------------------------
SIPISOALU              5K_hvratio_1_1    NangateOpenCellLibrary


Global Operating Voltage = 1.1  
Power-specific unit information :
    Voltage Units = 1V
    Capacitance Units = 1.000000ff
    Time Units = 1ns
    Dynamic Power Units = 1uW    (derived from V,C,T units)
    Leakage Power Units = 1nW


  Cell Internal Power  = 492.7190 uW   (84%)
  Net Switching Power  =  94.9493 uW   (16%)
                         ---------
Total Dynamic Power    = 587.6683 uW  (100%)

Cell Leakage Power     =   5.0106 uW


                 Internal         Switching           Leakage            Total
Power Group      Power            Power               Power              Power   (   %    )  Attrs
--------------------------------------------------------------------------------------------------
io_pad             0.0000            0.0000            0.0000            0.0000  (   0.00%)
memory             0.0000            0.0000            0.0000            0.0000  (   0.00%)
black_box          0.0000            0.0000            0.0000            0.0000  (   0.00%)
clock_network      0.0000            0.0000            0.0000            0.0000  (   0.00%)
register         423.7559           18.2913        1.3428e+03          443.3900  (  74.81%)
sequential         0.0000            0.0000            0.0000            0.0000  (   0.00%)
combinational     68.9631           76.6581        3.6678e+03          149.2889  (  25.19%)
--------------------------------------------------------------------------------------------------
Total            492.7190 uW        94.9493 uW     5.0106e+03 nW       592.6789 uW
1
