 
****************************************
Report : area
Design : P4Adder
Version: F-2011.09-SP3
Date   : Wed Apr  7 17:30:32 2021
****************************************

Library(s) Used:

    NangateOpenCellLibrary (File: /home/mariagrazia.graziano/do/libnangate/NangateOpenCellLibrary_typical_ecsm.db)

Number of ports:                           98
Number of nets:                           110
Number of cells:                            6
Number of combinational cells:              4
Number of sequential cells:                 0
Number of macros:                           0
Number of buf/inv:                          4
Number of references:                       3

Combinational area:        606.745995
Noncombinational area:       0.000000
Net Interconnect area:      undefined  (Wire load has zero net area)

Total cell area:           606.745995
Total area:                 undefined
1
