 
****************************************
Report : timing
        -path full
        -delay max
        -max_paths 1
Design : BOOTHMUL_NBIT32
Version: F-2011.09-SP3
Date   : Thu Jun  3 14:48:56 2021
****************************************

Operating Conditions: typical   Library: NangateOpenCellLibrary
Wire Load Model Mode: top

  Startpoint: B_mp[2] (input port)
  Endpoint: Y_mp[63] (output port)
  Path Group: default
  Path Type: max

  Des/Clust/Port     Wire Load Model       Library
  ------------------------------------------------
  BOOTHMUL_NBIT32    5K_hvratio_1_4        NangateOpenCellLibrary

  Point                                                   Incr       Path
  --------------------------------------------------------------------------
  input external delay                                    0.00       0.00 f
  B_mp[2] (in)                                            0.00       0.00 f
  enci_1/X[1] (ENC3TO3_15)                                0.00       0.00 f
  enci_1/U6/Z (XOR2_X1)                                   0.08       0.08 f
  enci_1/U1/ZN (OAI21_X1)                                 0.07       0.15 r
  enci_1/Y[2] (ENC3TO3_15)                                0.00       0.15 r
  muxi_1/SEL[2] (MUX51_GENERIC_NBIT64_15)                 0.00       0.15 r
  muxi_1/mux000/SEL (MUX21_GENERIC_NBIT64_60)             0.00       0.15 r
  muxi_1/mux000/U7/Z (BUF_X1)                             0.05       0.20 r
  muxi_1/mux000/U1/Z (BUF_X1)                             0.17       0.37 r
  muxi_1/mux000/MUX21GENI_2/S (MUX21_3838)                0.00       0.37 r
  muxi_1/mux000/MUX21GENI_2/UIV/A (IV_3838)               0.00       0.37 r
  muxi_1/mux000/MUX21GENI_2/UIV/U1/ZN (INV_X1)            0.05       0.42 f
  muxi_1/mux000/MUX21GENI_2/UIV/Y (IV_3838)               0.00       0.42 f
  muxi_1/mux000/MUX21GENI_2/UND2/B (ND2_11513)            0.00       0.42 f
  muxi_1/mux000/MUX21GENI_2/UND2/U1/ZN (NAND2_X1)         0.04       0.46 r
  muxi_1/mux000/MUX21GENI_2/UND2/Y (ND2_11513)            0.00       0.46 r
  muxi_1/mux000/MUX21GENI_2/UND3/B (ND2_11512)            0.00       0.46 r
  muxi_1/mux000/MUX21GENI_2/UND3/U1/ZN (NAND2_X1)         0.03       0.49 f
  muxi_1/mux000/MUX21GENI_2/UND3/Y (ND2_11512)            0.00       0.49 f
  muxi_1/mux000/MUX21GENI_2/Y (MUX21_3838)                0.00       0.49 f
  muxi_1/mux000/Y[2] (MUX21_GENERIC_NBIT64_60)            0.00       0.49 f
  muxi_1/mux010/A[2] (MUX21_GENERIC_NBIT64_58)            0.00       0.49 f
  muxi_1/mux010/MUX21GENI_2/A (MUX21_3710)                0.00       0.49 f
  muxi_1/mux010/MUX21GENI_2/UND1/A (ND2_11130)            0.00       0.49 f
  muxi_1/mux010/MUX21GENI_2/UND1/U1/ZN (NAND2_X1)         0.03       0.52 r
  muxi_1/mux010/MUX21GENI_2/UND1/Y (ND2_11130)            0.00       0.52 r
  muxi_1/mux010/MUX21GENI_2/UND3/A (ND2_11128)            0.00       0.52 r
  muxi_1/mux010/MUX21GENI_2/UND3/U1/ZN (NAND2_X1)         0.03       0.55 f
  muxi_1/mux010/MUX21GENI_2/UND3/Y (ND2_11128)            0.00       0.55 f
  muxi_1/mux010/MUX21GENI_2/Y (MUX21_3710)                0.00       0.55 f
  muxi_1/mux010/Y[2] (MUX21_GENERIC_NBIT64_58)            0.00       0.55 f
  muxi_1/mux001/A[2] (MUX21_GENERIC_NBIT64_57)            0.00       0.55 f
  muxi_1/mux001/MUX21GENI_2/A (MUX21_3646)                0.00       0.55 f
  muxi_1/mux001/MUX21GENI_2/UND1/A (ND2_10938)            0.00       0.55 f
  muxi_1/mux001/MUX21GENI_2/UND1/U1/ZN (NAND2_X1)         0.03       0.58 r
  muxi_1/mux001/MUX21GENI_2/UND1/Y (ND2_10938)            0.00       0.58 r
  muxi_1/mux001/MUX21GENI_2/UND3/A (ND2_10936)            0.00       0.58 r
  muxi_1/mux001/MUX21GENI_2/UND3/U1/ZN (NAND2_X1)         0.04       0.62 f
  muxi_1/mux001/MUX21GENI_2/UND3/Y (ND2_10936)            0.00       0.62 f
  muxi_1/mux001/MUX21GENI_2/Y (MUX21_3646)                0.00       0.62 f
  muxi_1/mux001/Y[2] (MUX21_GENERIC_NBIT64_57)            0.00       0.62 f
  muxi_1/Y[2] (MUX51_GENERIC_NBIT64_15)                   0.00       0.62 f
  rcai_1/a[2] (RCA_size64_0)                              0.00       0.62 f
  rcai_1/fa_i_2/a (FA_958)                                0.00       0.62 f
  rcai_1/fa_i_2/U2/ZN (AOI22_X1)                          0.06       0.67 r
  rcai_1/fa_i_2/U1/ZN (INV_X1)                            0.03       0.70 f
  rcai_1/fa_i_2/c_out (FA_958)                            0.00       0.70 f
  rcai_1/fa_i_3/c_in (FA_957)                             0.00       0.70 f
  rcai_1/fa_i_3/U2/ZN (AOI22_X1)                          0.06       0.77 r
  rcai_1/fa_i_3/U1/ZN (INV_X1)                            0.03       0.80 f
  rcai_1/fa_i_3/c_out (FA_957)                            0.00       0.80 f
  rcai_1/fa_i_4/c_in (FA_956)                             0.00       0.80 f
  rcai_1/fa_i_4/U2/ZN (AOI22_X1)                          0.06       0.86 r
  rcai_1/fa_i_4/U1/ZN (INV_X1)                            0.03       0.89 f
  rcai_1/fa_i_4/c_out (FA_956)                            0.00       0.89 f
  rcai_1/fa_i_5/c_in (FA_955)                             0.00       0.89 f
  rcai_1/fa_i_5/U2/ZN (AOI22_X1)                          0.06       0.96 r
  rcai_1/fa_i_5/U1/ZN (INV_X1)                            0.03       0.99 f
  rcai_1/fa_i_5/c_out (FA_955)                            0.00       0.99 f
  rcai_1/fa_i_6/c_in (FA_954)                             0.00       0.99 f
  rcai_1/fa_i_6/U2/ZN (AOI22_X1)                          0.06       1.05 r
  rcai_1/fa_i_6/U1/ZN (INV_X1)                            0.03       1.08 f
  rcai_1/fa_i_6/c_out (FA_954)                            0.00       1.08 f
  rcai_1/fa_i_7/c_in (FA_953)                             0.00       1.08 f
  rcai_1/fa_i_7/U2/ZN (AOI22_X1)                          0.06       1.15 r
  rcai_1/fa_i_7/U1/ZN (INV_X1)                            0.03       1.18 f
  rcai_1/fa_i_7/c_out (FA_953)                            0.00       1.18 f
  rcai_1/fa_i_8/c_in (FA_952)                             0.00       1.18 f
  rcai_1/fa_i_8/U2/ZN (AOI22_X1)                          0.06       1.24 r
  rcai_1/fa_i_8/U1/ZN (INV_X1)                            0.03       1.27 f
  rcai_1/fa_i_8/c_out (FA_952)                            0.00       1.27 f
  rcai_1/fa_i_9/c_in (FA_951)                             0.00       1.27 f
  rcai_1/fa_i_9/U2/ZN (AOI22_X1)                          0.06       1.34 r
  rcai_1/fa_i_9/U1/ZN (INV_X1)                            0.03       1.37 f
  rcai_1/fa_i_9/c_out (FA_951)                            0.00       1.37 f
  rcai_1/fa_i_10/c_in (FA_950)                            0.00       1.37 f
  rcai_1/fa_i_10/U1/ZN (AOI22_X1)                         0.06       1.43 r
  rcai_1/fa_i_10/U2/ZN (INV_X1)                           0.03       1.46 f
  rcai_1/fa_i_10/c_out (FA_950)                           0.00       1.46 f
  rcai_1/fa_i_11/c_in (FA_949)                            0.00       1.46 f
  rcai_1/fa_i_11/U2/ZN (AOI22_X1)                         0.06       1.53 r
  rcai_1/fa_i_11/U1/ZN (INV_X1)                           0.03       1.56 f
  rcai_1/fa_i_11/c_out (FA_949)                           0.00       1.56 f
  rcai_1/fa_i_12/c_in (FA_948)                            0.00       1.56 f
  rcai_1/fa_i_12/U2/ZN (AOI22_X1)                         0.06       1.62 r
  rcai_1/fa_i_12/U1/ZN (INV_X1)                           0.03       1.65 f
  rcai_1/fa_i_12/c_out (FA_948)                           0.00       1.65 f
  rcai_1/fa_i_13/c_in (FA_947)                            0.00       1.65 f
  rcai_1/fa_i_13/U1/ZN (AOI22_X1)                         0.06       1.72 r
  rcai_1/fa_i_13/U2/ZN (INV_X1)                           0.03       1.75 f
  rcai_1/fa_i_13/c_out (FA_947)                           0.00       1.75 f
  rcai_1/fa_i_14/c_in (FA_946)                            0.00       1.75 f
  rcai_1/fa_i_14/U2/ZN (AOI22_X1)                         0.06       1.81 r
  rcai_1/fa_i_14/U1/ZN (INV_X1)                           0.03       1.84 f
  rcai_1/fa_i_14/c_out (FA_946)                           0.00       1.84 f
  rcai_1/fa_i_15/c_in (FA_945)                            0.00       1.84 f
  rcai_1/fa_i_15/U2/ZN (AOI22_X1)                         0.06       1.91 r
  rcai_1/fa_i_15/U1/ZN (INV_X1)                           0.03       1.94 f
  rcai_1/fa_i_15/c_out (FA_945)                           0.00       1.94 f
  rcai_1/fa_i_16/c_in (FA_944)                            0.00       1.94 f
  rcai_1/fa_i_16/U1/ZN (AOI22_X1)                         0.06       2.00 r
  rcai_1/fa_i_16/U2/ZN (INV_X1)                           0.03       2.03 f
  rcai_1/fa_i_16/c_out (FA_944)                           0.00       2.03 f
  rcai_1/fa_i_17/c_in (FA_943)                            0.00       2.03 f
  rcai_1/fa_i_17/U2/ZN (AOI22_X1)                         0.06       2.10 r
  rcai_1/fa_i_17/U1/ZN (INV_X1)                           0.03       2.13 f
  rcai_1/fa_i_17/c_out (FA_943)                           0.00       2.13 f
  rcai_1/fa_i_18/c_in (FA_942)                            0.00       2.13 f
  rcai_1/fa_i_18/U1/ZN (AOI22_X1)                         0.06       2.19 r
  rcai_1/fa_i_18/U2/ZN (INV_X1)                           0.03       2.22 f
  rcai_1/fa_i_18/c_out (FA_942)                           0.00       2.22 f
  rcai_1/fa_i_19/c_in (FA_941)                            0.00       2.22 f
  rcai_1/fa_i_19/U2/ZN (AOI22_X1)                         0.06       2.29 r
  rcai_1/fa_i_19/U1/ZN (INV_X1)                           0.03       2.32 f
  rcai_1/fa_i_19/c_out (FA_941)                           0.00       2.32 f
  rcai_1/fa_i_20/c_in (FA_940)                            0.00       2.32 f
  rcai_1/fa_i_20/U2/ZN (AOI22_X1)                         0.06       2.38 r
  rcai_1/fa_i_20/U1/ZN (INV_X1)                           0.03       2.41 f
  rcai_1/fa_i_20/c_out (FA_940)                           0.00       2.41 f
  rcai_1/fa_i_21/c_in (FA_939)                            0.00       2.41 f
  rcai_1/fa_i_21/U1/ZN (AOI22_X1)                         0.06       2.48 r
  rcai_1/fa_i_21/U2/ZN (INV_X1)                           0.03       2.51 f
  rcai_1/fa_i_21/c_out (FA_939)                           0.00       2.51 f
  rcai_1/fa_i_22/c_in (FA_938)                            0.00       2.51 f
  rcai_1/fa_i_22/U2/ZN (AOI22_X1)                         0.06       2.57 r
  rcai_1/fa_i_22/U1/ZN (INV_X1)                           0.03       2.60 f
  rcai_1/fa_i_22/c_out (FA_938)                           0.00       2.60 f
  rcai_1/fa_i_23/c_in (FA_937)                            0.00       2.60 f
  rcai_1/fa_i_23/U1/ZN (AOI22_X1)                         0.06       2.67 r
  rcai_1/fa_i_23/U2/ZN (INV_X1)                           0.03       2.70 f
  rcai_1/fa_i_23/c_out (FA_937)                           0.00       2.70 f
  rcai_1/fa_i_24/c_in (FA_936)                            0.00       2.70 f
  rcai_1/fa_i_24/U2/ZN (AOI22_X1)                         0.06       2.76 r
  rcai_1/fa_i_24/U1/ZN (INV_X1)                           0.03       2.79 f
  rcai_1/fa_i_24/c_out (FA_936)                           0.00       2.79 f
  rcai_1/fa_i_25/c_in (FA_935)                            0.00       2.79 f
  rcai_1/fa_i_25/U2/ZN (AOI22_X1)                         0.06       2.86 r
  rcai_1/fa_i_25/U1/ZN (INV_X1)                           0.03       2.89 f
  rcai_1/fa_i_25/c_out (FA_935)                           0.00       2.89 f
  rcai_1/fa_i_26/c_in (FA_934)                            0.00       2.89 f
  rcai_1/fa_i_26/U1/ZN (AOI22_X1)                         0.06       2.95 r
  rcai_1/fa_i_26/U2/ZN (INV_X1)                           0.03       2.98 f
  rcai_1/fa_i_26/c_out (FA_934)                           0.00       2.98 f
  rcai_1/fa_i_27/c_in (FA_933)                            0.00       2.98 f
  rcai_1/fa_i_27/U2/ZN (AOI22_X1)                         0.06       3.05 r
  rcai_1/fa_i_27/U1/ZN (INV_X1)                           0.03       3.08 f
  rcai_1/fa_i_27/c_out (FA_933)                           0.00       3.08 f
  rcai_1/fa_i_28/c_in (FA_932)                            0.00       3.08 f
  rcai_1/fa_i_28/U1/ZN (AOI22_X1)                         0.06       3.14 r
  rcai_1/fa_i_28/U2/ZN (INV_X1)                           0.03       3.17 f
  rcai_1/fa_i_28/c_out (FA_932)                           0.00       3.17 f
  rcai_1/fa_i_29/c_in (FA_931)                            0.00       3.17 f
  rcai_1/fa_i_29/U2/ZN (AOI22_X1)                         0.06       3.24 r
  rcai_1/fa_i_29/U1/ZN (INV_X1)                           0.03       3.27 f
  rcai_1/fa_i_29/c_out (FA_931)                           0.00       3.27 f
  rcai_1/fa_i_30/c_in (FA_930)                            0.00       3.27 f
  rcai_1/fa_i_30/U1/ZN (AOI22_X1)                         0.06       3.33 r
  rcai_1/fa_i_30/U2/ZN (INV_X1)                           0.03       3.36 f
  rcai_1/fa_i_30/c_out (FA_930)                           0.00       3.36 f
  rcai_1/fa_i_31/c_in (FA_929)                            0.00       3.36 f
  rcai_1/fa_i_31/U1/ZN (AOI22_X1)                         0.06       3.43 r
  rcai_1/fa_i_31/U2/ZN (INV_X1)                           0.03       3.46 f
  rcai_1/fa_i_31/c_out (FA_929)                           0.00       3.46 f
  rcai_1/fa_i_32/c_in (FA_928)                            0.00       3.46 f
  rcai_1/fa_i_32/U2/ZN (AOI22_X1)                         0.06       3.52 r
  rcai_1/fa_i_32/U1/ZN (INV_X1)                           0.03       3.55 f
  rcai_1/fa_i_32/c_out (FA_928)                           0.00       3.55 f
  rcai_1/fa_i_33/c_in (FA_927)                            0.00       3.55 f
  rcai_1/fa_i_33/U1/ZN (AOI22_X1)                         0.06       3.62 r
  rcai_1/fa_i_33/U2/ZN (INV_X1)                           0.03       3.65 f
  rcai_1/fa_i_33/c_out (FA_927)                           0.00       3.65 f
  rcai_1/fa_i_34/c_in (FA_926)                            0.00       3.65 f
  rcai_1/fa_i_34/U1/ZN (AOI22_X1)                         0.06       3.71 r
  rcai_1/fa_i_34/U2/ZN (INV_X1)                           0.03       3.74 f
  rcai_1/fa_i_34/c_out (FA_926)                           0.00       3.74 f
  rcai_1/fa_i_35/c_in (FA_925)                            0.00       3.74 f
  rcai_1/fa_i_35/U1/ZN (AOI22_X1)                         0.06       3.81 r
  rcai_1/fa_i_35/U2/ZN (INV_X1)                           0.03       3.84 f
  rcai_1/fa_i_35/c_out (FA_925)                           0.00       3.84 f
  rcai_1/fa_i_36/c_in (FA_924)                            0.00       3.84 f
  rcai_1/fa_i_36/U1/ZN (AOI22_X1)                         0.06       3.90 r
  rcai_1/fa_i_36/U2/ZN (INV_X1)                           0.03       3.93 f
  rcai_1/fa_i_36/c_out (FA_924)                           0.00       3.93 f
  rcai_1/fa_i_37/c_in (FA_923)                            0.00       3.93 f
  rcai_1/fa_i_37/U2/ZN (AOI22_X1)                         0.06       4.00 r
  rcai_1/fa_i_37/U1/ZN (INV_X1)                           0.03       4.03 f
  rcai_1/fa_i_37/c_out (FA_923)                           0.00       4.03 f
  rcai_1/fa_i_38/c_in (FA_922)                            0.00       4.03 f
  rcai_1/fa_i_38/U1/ZN (AOI22_X1)                         0.06       4.09 r
  rcai_1/fa_i_38/U2/ZN (INV_X1)                           0.03       4.12 f
  rcai_1/fa_i_38/c_out (FA_922)                           0.00       4.12 f
  rcai_1/fa_i_39/c_in (FA_921)                            0.00       4.12 f
  rcai_1/fa_i_39/U1/ZN (AOI22_X1)                         0.06       4.19 r
  rcai_1/fa_i_39/U2/ZN (INV_X1)                           0.03       4.22 f
  rcai_1/fa_i_39/c_out (FA_921)                           0.00       4.22 f
  rcai_1/fa_i_40/c_in (FA_920)                            0.00       4.22 f
  rcai_1/fa_i_40/U1/ZN (AOI22_X1)                         0.06       4.28 r
  rcai_1/fa_i_40/U2/ZN (INV_X1)                           0.03       4.31 f
  rcai_1/fa_i_40/c_out (FA_920)                           0.00       4.31 f
  rcai_1/fa_i_41/c_in (FA_919)                            0.00       4.31 f
  rcai_1/fa_i_41/U1/ZN (AOI22_X1)                         0.06       4.38 r
  rcai_1/fa_i_41/U2/ZN (INV_X1)                           0.03       4.41 f
  rcai_1/fa_i_41/c_out (FA_919)                           0.00       4.41 f
  rcai_1/fa_i_42/c_in (FA_918)                            0.00       4.41 f
  rcai_1/fa_i_42/U2/ZN (AOI22_X1)                         0.06       4.47 r
  rcai_1/fa_i_42/U1/ZN (INV_X1)                           0.03       4.50 f
  rcai_1/fa_i_42/c_out (FA_918)                           0.00       4.50 f
  rcai_1/fa_i_43/c_in (FA_917)                            0.00       4.50 f
  rcai_1/fa_i_43/U1/ZN (AOI22_X1)                         0.06       4.57 r
  rcai_1/fa_i_43/U2/ZN (INV_X1)                           0.03       4.60 f
  rcai_1/fa_i_43/c_out (FA_917)                           0.00       4.60 f
  rcai_1/fa_i_44/c_in (FA_916)                            0.00       4.60 f
  rcai_1/fa_i_44/U1/ZN (AOI22_X1)                         0.06       4.66 r
  rcai_1/fa_i_44/U2/ZN (INV_X1)                           0.03       4.69 f
  rcai_1/fa_i_44/c_out (FA_916)                           0.00       4.69 f
  rcai_1/fa_i_45/c_in (FA_915)                            0.00       4.69 f
  rcai_1/fa_i_45/U1/ZN (AOI22_X1)                         0.06       4.76 r
  rcai_1/fa_i_45/U2/ZN (INV_X1)                           0.03       4.79 f
  rcai_1/fa_i_45/c_out (FA_915)                           0.00       4.79 f
  rcai_1/fa_i_46/c_in (FA_914)                            0.00       4.79 f
  rcai_1/fa_i_46/U1/ZN (AOI22_X1)                         0.06       4.85 r
  rcai_1/fa_i_46/U2/ZN (INV_X1)                           0.03       4.88 f
  rcai_1/fa_i_46/c_out (FA_914)                           0.00       4.88 f
  rcai_1/fa_i_47/c_in (FA_913)                            0.00       4.88 f
  rcai_1/fa_i_47/U2/ZN (AOI22_X1)                         0.06       4.95 r
  rcai_1/fa_i_47/U1/ZN (INV_X1)                           0.03       4.98 f
  rcai_1/fa_i_47/c_out (FA_913)                           0.00       4.98 f
  rcai_1/fa_i_48/c_in (FA_912)                            0.00       4.98 f
  rcai_1/fa_i_48/U1/ZN (AOI22_X1)                         0.06       5.04 r
  rcai_1/fa_i_48/U2/ZN (INV_X1)                           0.03       5.07 f
  rcai_1/fa_i_48/c_out (FA_912)                           0.00       5.07 f
  rcai_1/fa_i_49/c_in (FA_911)                            0.00       5.07 f
  rcai_1/fa_i_49/U1/ZN (AOI22_X1)                         0.06       5.14 r
  rcai_1/fa_i_49/U2/ZN (INV_X1)                           0.03       5.17 f
  rcai_1/fa_i_49/c_out (FA_911)                           0.00       5.17 f
  rcai_1/fa_i_50/c_in (FA_910)                            0.00       5.17 f
  rcai_1/fa_i_50/U1/ZN (AOI22_X1)                         0.06       5.23 r
  rcai_1/fa_i_50/U2/ZN (INV_X1)                           0.03       5.26 f
  rcai_1/fa_i_50/c_out (FA_910)                           0.00       5.26 f
  rcai_1/fa_i_51/c_in (FA_909)                            0.00       5.26 f
  rcai_1/fa_i_51/U1/ZN (AOI22_X1)                         0.06       5.33 r
  rcai_1/fa_i_51/U2/ZN (INV_X1)                           0.03       5.36 f
  rcai_1/fa_i_51/c_out (FA_909)                           0.00       5.36 f
  rcai_1/fa_i_52/c_in (FA_908)                            0.00       5.36 f
  rcai_1/fa_i_52/U2/ZN (AOI22_X1)                         0.06       5.42 r
  rcai_1/fa_i_52/U1/ZN (INV_X1)                           0.03       5.45 f
  rcai_1/fa_i_52/c_out (FA_908)                           0.00       5.45 f
  rcai_1/fa_i_53/c_in (FA_907)                            0.00       5.45 f
  rcai_1/fa_i_53/U1/ZN (AOI22_X1)                         0.06       5.52 r
  rcai_1/fa_i_53/U2/ZN (INV_X1)                           0.03       5.55 f
  rcai_1/fa_i_53/c_out (FA_907)                           0.00       5.55 f
  rcai_1/fa_i_54/c_in (FA_906)                            0.00       5.55 f
  rcai_1/fa_i_54/U1/ZN (AOI22_X1)                         0.06       5.61 r
  rcai_1/fa_i_54/U2/ZN (INV_X1)                           0.03       5.64 f
  rcai_1/fa_i_54/c_out (FA_906)                           0.00       5.64 f
  rcai_1/fa_i_55/c_in (FA_905)                            0.00       5.64 f
  rcai_1/fa_i_55/U1/ZN (AOI22_X1)                         0.06       5.71 r
  rcai_1/fa_i_55/U2/ZN (INV_X1)                           0.03       5.74 f
  rcai_1/fa_i_55/c_out (FA_905)                           0.00       5.74 f
  rcai_1/fa_i_56/c_in (FA_904)                            0.00       5.74 f
  rcai_1/fa_i_56/U1/ZN (AOI22_X1)                         0.06       5.80 r
  rcai_1/fa_i_56/U2/ZN (INV_X1)                           0.03       5.83 f
  rcai_1/fa_i_56/c_out (FA_904)                           0.00       5.83 f
  rcai_1/fa_i_57/c_in (FA_903)                            0.00       5.83 f
  rcai_1/fa_i_57/U2/ZN (AOI22_X1)                         0.06       5.90 r
  rcai_1/fa_i_57/U1/ZN (INV_X1)                           0.03       5.93 f
  rcai_1/fa_i_57/c_out (FA_903)                           0.00       5.93 f
  rcai_1/fa_i_58/c_in (FA_902)                            0.00       5.93 f
  rcai_1/fa_i_58/U1/ZN (AOI22_X1)                         0.06       5.99 r
  rcai_1/fa_i_58/U2/ZN (INV_X1)                           0.03       6.02 f
  rcai_1/fa_i_58/c_out (FA_902)                           0.00       6.02 f
  rcai_1/fa_i_59/c_in (FA_901)                            0.00       6.02 f
  rcai_1/fa_i_59/U1/ZN (AOI22_X1)                         0.06       6.09 r
  rcai_1/fa_i_59/U2/ZN (INV_X1)                           0.03       6.12 f
  rcai_1/fa_i_59/c_out (FA_901)                           0.00       6.12 f
  rcai_1/fa_i_60/c_in (FA_900)                            0.00       6.12 f
  rcai_1/fa_i_60/U1/ZN (AOI22_X1)                         0.06       6.18 r
  rcai_1/fa_i_60/U2/ZN (INV_X1)                           0.03       6.21 f
  rcai_1/fa_i_60/c_out (FA_900)                           0.00       6.21 f
  rcai_1/fa_i_61/c_in (FA_899)                            0.00       6.21 f
  rcai_1/fa_i_61/U1/ZN (AOI22_X1)                         0.06       6.28 r
  rcai_1/fa_i_61/U2/ZN (INV_X1)                           0.03       6.31 f
  rcai_1/fa_i_61/c_out (FA_899)                           0.00       6.31 f
  rcai_1/fa_i_62/c_in (FA_898)                            0.00       6.31 f
  rcai_1/fa_i_62/U2/ZN (AOI22_X1)                         0.06       6.37 r
  rcai_1/fa_i_62/U1/ZN (INV_X1)                           0.03       6.40 f
  rcai_1/fa_i_62/c_out (FA_898)                           0.00       6.40 f
  rcai_1/fa_i_63/c_in (FA_897)                            0.00       6.40 f
  rcai_1/fa_i_63/U3/Z (XOR2_X1)                           0.06       6.47 r
  rcai_1/fa_i_63/s (FA_897)                               0.00       6.47 r
  rcai_1/sum[63] (RCA_size64_0)                           0.00       6.47 r
  rcai_2/b[63] (RCA_size64_14)                            0.00       6.47 r
  rcai_2/fa_i_63/b (FA_833)                               0.00       6.47 r
  rcai_2/fa_i_63/U4/Z (XOR2_X1)                           0.09       6.56 r
  rcai_2/fa_i_63/U3/Z (XOR2_X1)                           0.09       6.65 r
  rcai_2/fa_i_63/s (FA_833)                               0.00       6.65 r
  rcai_2/sum[63] (RCA_size64_14)                          0.00       6.65 r
  rcai_3/b[63] (RCA_size64_13)                            0.00       6.65 r
  rcai_3/fa_i_63/b (FA_769)                               0.00       6.65 r
  rcai_3/fa_i_63/U4/Z (XOR2_X1)                           0.09       6.74 r
  rcai_3/fa_i_63/U3/Z (XOR2_X1)                           0.09       6.83 r
  rcai_3/fa_i_63/s (FA_769)                               0.00       6.83 r
  rcai_3/sum[63] (RCA_size64_13)                          0.00       6.83 r
  rcai_4/b[63] (RCA_size64_12)                            0.00       6.83 r
  rcai_4/fa_i_63/b (FA_705)                               0.00       6.83 r
  rcai_4/fa_i_63/U4/Z (XOR2_X1)                           0.09       6.91 r
  rcai_4/fa_i_63/U3/Z (XOR2_X1)                           0.09       7.00 r
  rcai_4/fa_i_63/s (FA_705)                               0.00       7.00 r
  rcai_4/sum[63] (RCA_size64_12)                          0.00       7.00 r
  rcai_5/b[63] (RCA_size64_11)                            0.00       7.00 r
  rcai_5/fa_i_63/b (FA_641)                               0.00       7.00 r
  rcai_5/fa_i_63/U4/Z (XOR2_X1)                           0.09       7.09 r
  rcai_5/fa_i_63/U3/Z (XOR2_X1)                           0.09       7.18 r
  rcai_5/fa_i_63/s (FA_641)                               0.00       7.18 r
  rcai_5/sum[63] (RCA_size64_11)                          0.00       7.18 r
  rcai_6/b[63] (RCA_size64_10)                            0.00       7.18 r
  rcai_6/fa_i_63/b (FA_577)                               0.00       7.18 r
  rcai_6/fa_i_63/U4/Z (XOR2_X1)                           0.09       7.27 r
  rcai_6/fa_i_63/U3/Z (XOR2_X1)                           0.09       7.36 r
  rcai_6/fa_i_63/s (FA_577)                               0.00       7.36 r
  rcai_6/sum[63] (RCA_size64_10)                          0.00       7.36 r
  rcai_7/b[63] (RCA_size64_9)                             0.00       7.36 r
  rcai_7/fa_i_63/b (FA_513)                               0.00       7.36 r
  rcai_7/fa_i_63/U4/Z (XOR2_X1)                           0.09       7.45 r
  rcai_7/fa_i_63/U3/Z (XOR2_X1)                           0.09       7.54 r
  rcai_7/fa_i_63/s (FA_513)                               0.00       7.54 r
  rcai_7/sum[63] (RCA_size64_9)                           0.00       7.54 r
  rcai_8/b[63] (RCA_size64_8)                             0.00       7.54 r
  rcai_8/fa_i_63/b (FA_449)                               0.00       7.54 r
  rcai_8/fa_i_63/U4/Z (XOR2_X1)                           0.09       7.63 r
  rcai_8/fa_i_63/U3/Z (XOR2_X1)                           0.09       7.72 r
  rcai_8/fa_i_63/s (FA_449)                               0.00       7.72 r
  rcai_8/sum[63] (RCA_size64_8)                           0.00       7.72 r
  rcai_9/b[63] (RCA_size64_7)                             0.00       7.72 r
  rcai_9/fa_i_63/b (FA_385)                               0.00       7.72 r
  rcai_9/fa_i_63/U4/Z (XOR2_X1)                           0.09       7.81 r
  rcai_9/fa_i_63/U3/Z (XOR2_X1)                           0.09       7.90 r
  rcai_9/fa_i_63/s (FA_385)                               0.00       7.90 r
  rcai_9/sum[63] (RCA_size64_7)                           0.00       7.90 r
  rcai_10/b[63] (RCA_size64_6)                            0.00       7.90 r
  rcai_10/fa_i_63/b (FA_321)                              0.00       7.90 r
  rcai_10/fa_i_63/U4/Z (XOR2_X1)                          0.09       7.99 r
  rcai_10/fa_i_63/U3/Z (XOR2_X1)                          0.09       8.08 r
  rcai_10/fa_i_63/s (FA_321)                              0.00       8.08 r
  rcai_10/sum[63] (RCA_size64_6)                          0.00       8.08 r
  rcai_11/b[63] (RCA_size64_5)                            0.00       8.08 r
  rcai_11/fa_i_63/b (FA_257)                              0.00       8.08 r
  rcai_11/fa_i_63/U4/Z (XOR2_X1)                          0.09       8.17 r
  rcai_11/fa_i_63/U3/Z (XOR2_X1)                          0.09       8.26 r
  rcai_11/fa_i_63/s (FA_257)                              0.00       8.26 r
  rcai_11/sum[63] (RCA_size64_5)                          0.00       8.26 r
  rcai_12/b[63] (RCA_size64_4)                            0.00       8.26 r
  rcai_12/fa_i_63/b (FA_193)                              0.00       8.26 r
  rcai_12/fa_i_63/U4/Z (XOR2_X1)                          0.09       8.34 r
  rcai_12/fa_i_63/U3/Z (XOR2_X1)                          0.09       8.43 r
  rcai_12/fa_i_63/s (FA_193)                              0.00       8.43 r
  rcai_12/sum[63] (RCA_size64_4)                          0.00       8.43 r
  rcai_13/b[63] (RCA_size64_3)                            0.00       8.43 r
  rcai_13/fa_i_63/b (FA_129)                              0.00       8.43 r
  rcai_13/fa_i_63/U4/Z (XOR2_X1)                          0.09       8.52 r
  rcai_13/fa_i_63/U3/Z (XOR2_X1)                          0.09       8.61 r
  rcai_13/fa_i_63/s (FA_129)                              0.00       8.61 r
  rcai_13/sum[63] (RCA_size64_3)                          0.00       8.61 r
  rcai_14/b[63] (RCA_size64_2)                            0.00       8.61 r
  rcai_14/fa_i_63/b (FA_65)                               0.00       8.61 r
  rcai_14/fa_i_63/U4/Z (XOR2_X1)                          0.09       8.70 r
  rcai_14/fa_i_63/U3/Z (XOR2_X1)                          0.09       8.79 r
  rcai_14/fa_i_63/s (FA_65)                               0.00       8.79 r
  rcai_14/sum[63] (RCA_size64_2)                          0.00       8.79 r
  rcai_15/b[63] (RCA_size64_1)                            0.00       8.79 r
  rcai_15/fa_i_63/b (FA_1)                                0.00       8.79 r
  rcai_15/fa_i_63/U4/Z (XOR2_X1)                          0.09       8.88 r
  rcai_15/fa_i_63/U3/Z (XOR2_X1)                          0.07       8.95 r
  rcai_15/fa_i_63/s (FA_1)                                0.00       8.95 r
  rcai_15/sum[63] (RCA_size64_1)                          0.00       8.95 r
  Y_mp[63] (out)                                          0.00       8.95 r
  data arrival time                                                  8.95

  max_delay                                              10.00      10.00
  output external delay                                   0.00      10.00
  data required time                                                10.00
  --------------------------------------------------------------------------
  data required time                                                10.00
  data arrival time                                                 -8.95
  --------------------------------------------------------------------------
  slack (MET)                                                        1.05


1
